Using pre-set license
Built from '2021.1/staging' branch; Version is '2021.1.7f1 (d91830b65d9b) revision 14227504'; Using compiler version '192528614'; Build Type 'Release'
OS: 'Windows 10 Home; OS build 19043.1110; Version 2009; 64bit' Language: 'en' Physical Memory: 32647 MB
BatchMode: 1, IsHumanControllingUs: 0, StartBugReporterOnCrash: 0, Is64bit: 1, IsPro: 0

 COMMAND LINE ARGUMENTS:
D:\2021.1.7f1\Editor\Unity.exe
-adb2
-batchMode
-noUpm
-name
AssetImportWorker0
-projectPath
D:/Pikachu08181998/Documents/ece479995/temp
-logFile
Logs/AssetImportWorker0.log
-srvPort
54107
Successfully changed project path to: D:/Pikachu08181998/Documents/ece479995/temp
D:/Pikachu08181998/Documents/ece479995/temp
Using Asset Import Pipeline V2.
Refreshing native plugins compatible for Editor in 89.50 ms, found 1 plugins.
Preloading 0 native plugins for Editor in 0.00 ms.
Initialize engine version: 2021.1.7f1 (d91830b65d9b)
[Subsystems] Discovering subsystems at path D:/2021.1.7f1/Editor/Data/Resources/UnitySubsystems
[Subsystems] Discovering subsystems at path D:/Pikachu08181998/Documents/ece479995/temp/Assets
GfxDevice: creating device client; threaded=0; jobified=0
Direct3D:
    Version:  Direct3D 11.0 [level 11.1]
    Renderer: NVIDIA GeForce GTX 1070 (ID=0x1be1)
    Vendor:   NVIDIA
    VRAM:     8081 MB
    Driver:   27.21.14.6280
Initialize mono
Mono path[0] = 'D:/2021.1.7f1/Editor/Data/Managed'
Mono path[1] = 'D:/2021.1.7f1/Editor/Data/MonoBleedingEdge/lib/mono/unityjit'
Mono config path = 'D:/2021.1.7f1/Editor/Data/MonoBleedingEdge/etc'
Using monoOptions --debugger-agent=transport=dt_socket,embedding=1,server=y,suspend=n,address=127.0.0.1:56576
Begin MonoManager ReloadAssembly
Registering precompiled unity dll's ...
Register platform support module: D:/2021.1.7f1/Editor/Data/PlaybackEngines/WebGLSupport/UnityEditor.WebGL.Extensions.dll
Register platform support module: D:/2021.1.7f1/Editor/Data/PlaybackEngines/MacStandaloneSupport/UnityEditor.OSXStandalone.Extensions.dll
Register platform support module: D:/2021.1.7f1/Editor/Data/PlaybackEngines/WindowsStandaloneSupport/UnityEditor.WindowsStandalone.Extensions.dll
Register platform support module: D:/2021.1.7f1/Editor/Data/PlaybackEngines/LinuxStandaloneSupport/UnityEditor.LinuxStandalone.Extensions.dll
Register platform support module: D:/2021.1.7f1/Editor/Data/PlaybackEngines/LuminSupport/UnityEditor.Lumin.Extensions.dll
Registered in 0.002767 seconds.
Native extension for Lumin target not found
Native extension for LinuxStandalone target not found
Native extension for WindowsStandalone target not found
Native extension for OSXStandalone target not found
Native extension for WebGL target not found
Refreshing native plugins compatible for Editor in 77.90 ms, found 1 plugins.
Preloading 0 native plugins for Editor in 0.00 ms.
Mono: successfully reloaded assembly
- Completed reload, in  1.821 seconds
Platform modules already initialized, skipping
Registering precompiled user dll's ...
Registered in 0.003699 seconds.
Begin MonoManager ReloadAssembly
Symbol file LoadedFromMemory doesn't match image D:\Pikachu08181998\Documents\ece479995\temp\Library\PackageCache\com.unity.visualscripting@1.6.1\Editor\VisualScripting.Core\Dependencies\YamlDotNet\Unity.VisualScripting.YamlDotNet.dll
Symbol file LoadedFromMemory doesn't match image D:\Pikachu08181998\Documents\ece479995\temp\Library\PackageCache\com.unity.visualscripting@1.6.1\Editor\VisualScripting.Core\Dependencies\DotNetZip\Unity.VisualScripting.IonicZip.dll
Native extension for Lumin target not found
Native extension for LinuxStandalone target not found
Native extension for WindowsStandalone target not found
Native extension for OSXStandalone target not found
Native extension for WebGL target not found
Refreshing native plugins compatible for Editor in 0.44 ms, found 1 plugins.
Preloading 0 native plugins for Editor in 0.00 ms.
Mono: successfully reloaded assembly
- Completed reload, in  1.007 seconds
Platform modules already initialized, skipping
========================================================================
Worker process is ready to serve import requests
Launched and connected shader compiler UnityShaderCompiler.exe after 0.09 seconds
Refreshing native plugins compatible for Editor in 0.62 ms, found 1 plugins.
Preloading 0 native plugins for Editor in 0.00 ms.
Unloading 2672 Unused Serialized files (Serialized files now loaded: 0)
System memory in use before: 98.6 MB.
System memory in use after: 98.8 MB.

Unloading 14 unused Assets to reduce memory usage. Loaded Objects now: 3125.
Total: 2.298500 ms (FindLiveObjects: 0.219800 ms CreateObjectMapping: 0.141200 ms MarkObjects: 1.857700 ms  DeleteObjects: 0.078300 ms)

========================================================================
Received Import Request.
  path: Assets/brick.jpg
  artifactKey: Guid(5b45c54b173a540149ced560be98d95c) Importer(815301076,1909f56bfc062723c751e8b465ee728b)
Start importing Assets/brick.jpg using Guid(5b45c54b173a540149ced560be98d95c) Importer(815301076,1909f56bfc062723c751e8b465ee728b)  -> (artifact id: '197c174a2bdba7de032527f5f2ad74ef') in 0.086310 seconds 
========================================================================
Received Import Request.
  Time since last request: 6428.257771 seconds.
  path: Assets/Skeleton - Animated and Low Polygon/skeleton_animated.FBX
  artifactKey: Guid(39d03f82786b57d41af8bd27bce84402) Importer(815301076,1909f56bfc062723c751e8b465ee728b)
Start importing Assets/Skeleton - Animated and Low Polygon/skeleton_animated.FBX using Guid(39d03f82786b57d41af8bd27bce84402) Importer(815301076,1909f56bfc062723c751e8b465ee728b)  -> (artifact id: 'b5bfc890eacc230b22fc0ec1234c0db2') in 0.598763 seconds 
========================================================================
Received Import Request.
  Time since last request: 0.000195 seconds.
  path: Assets/Skeleton - Animated and Low Polygon/skeleton_static.FBX
  artifactKey: Guid(c375a17f5f510d44c839b216989e242d) Importer(815301076,1909f56bfc062723c751e8b465ee728b)
Start importing Assets/Skeleton - Animated and Low Polygon/skeleton_static.FBX using Guid(c375a17f5f510d44c839b216989e242d) Importer(815301076,1909f56bfc062723c751e8b465ee728b)  -> (artifact id: 'bd73bbca7ccbc171d33338fa807b460a') in 0.025569 seconds 
========================================================================
Received Prepare
Registering precompiled user dll's ...
Registered in 0.004555 seconds.
Begin MonoManager ReloadAssembly
Symbol file LoadedFromMemory doesn't match image D:\Pikachu08181998\Documents\ece479995\temp\Library\PackageCache\com.unity.visualscripting@1.6.1\Editor\VisualScripting.Core\Dependencies\YamlDotNet\Unity.VisualScripting.YamlDotNet.dll
Symbol file LoadedFromMemory doesn't match image D:\Pikachu08181998\Documents\ece479995\temp\Library\PackageCache\com.unity.visualscripting@1.6.1\Editor\VisualScripting.Core\Dependencies\DotNetZip\Unity.VisualScripting.IonicZip.dll
Native extension for Lumin target not found
Native extension for LinuxStandalone target not found
Native extension for WindowsStandalone target not found
Native extension for OSXStandalone target not found
Native extension for WebGL target not found
Refreshing native plugins compatible for Editor in 0.45 ms, found 1 plugins.
Preloading 0 native plugins for Editor in 0.00 ms.
Mono: successfully reloaded assembly
- Completed reload, in  0.966 seconds
Platform modules already initialized, skipping
Refreshing native plugins compatible for Editor in 0.48 ms, found 1 plugins.
Preloading 0 native plugins for Editor in 0.00 ms.
Unloading 2665 Unused Serialized files (Serialized files now loaded: 0)
System memory in use before: 117.7 MB.
System memory in use after: 117.9 MB.

Unloading 9 unused Assets to reduce memory usage. Loaded Objects now: 3156.
Total: 1.912600 ms (FindLiveObjects: 0.195900 ms CreateObjectMapping: 0.111700 ms MarkObjects: 1.566100 ms  DeleteObjects: 0.038000 ms)

========================================================================
Received Import Request.
  Time since last request: 46.494025 seconds.
  path: Assets/Scenes/SampleScene.unity
  artifactKey: Guid(9fc0d4010bbf28b4594072e72b8655ab) Importer(815301076,1909f56bfc062723c751e8b465ee728b)
Start importing Assets/Scenes/SampleScene.unity using Guid(9fc0d4010bbf28b4594072e72b8655ab) Importer(815301076,1909f56bfc062723c751e8b465ee728b)  -> (artifact id: '85059f4f9e1a832ed95adaa0d25c5c4c') in 0.012089 seconds 
AssetImportWorkerClient::OnTransportError - code=2 error=End of file
